\BOOKMARK [1][-]{section.1}{Introduction}{}% 1
\BOOKMARK [1][-]{section.2}{Background}{}% 2
\BOOKMARK [2][-]{subsection.2.1}{Hot Deployment}{section.2}% 3
\BOOKMARK [2][-]{subsection.2.2}{Define of Dependencies}{section.2}% 4
\BOOKMARK [2][-]{subsection.2.3}{Reasons of Failures}{section.2}% 5
\BOOKMARK [1][-]{section.3}{Approach}{}% 6
\BOOKMARK [2][-]{subsection.3.1}{Reconstruction in Application Servers}{section.3}% 7
\BOOKMARK [2][-]{subsection.3.2}{Reconstruction in Class Loaders}{section.3}% 8
\BOOKMARK [3][-]{ALC@unique.10}{CDR Class Loader}{subsection.3.2}% 9
\BOOKMARK [3][-]{figure.caption.5}{ADR Class Loader}{subsection.3.2}% 10
\BOOKMARK [3][-]{ALC@unique.35}{ADRD Class Loader}{subsection.3.2}% 11
\BOOKMARK [2][-]{subsection.3.3}{Contribution}{section.3}% 12
\BOOKMARK [1][-]{section.4}{Evaluation}{}% 13
\BOOKMARK [2][-]{subsection.4.1}{Correctness}{section.4}% 14
\BOOKMARK [2][-]{subsection.4.2}{Efficiency}{section.4}% 15
\BOOKMARK [2][-]{subsection.4.3}{Dynamic Feature}{section.4}% 16
\BOOKMARK [2][-]{subsection.4.4}{Flexibility}{section.4}% 17
\BOOKMARK [1][-]{section.5}{Related work}{}% 18
\BOOKMARK [1][-]{section.6}{Conclusion and future work}{}% 19
\BOOKMARK [1][-]{section*.10}{References}{}% 20
